1745306256867:help
1745306264121:list books
1745306749134:
1745306826320:help
1745306831000:create book
1745306869826:create book --title Valami --price 123 --publisher KiadoKFT --author Valaki
1745307096252:create book --title Valami --author Valaki --publisher KiadoKFT --price 123
1745307112406:help
1745307115276:list books
1745307361524:create book --title Valami --author Valaki --publisher KiadoKFT --price 123
1745307365287:list book
1745307368343:list books
1745909320099:help
1745909374538:update book --id 1 --title A
1745909849129:help
1745909852665:list books
1745909872073:delete book --id 5
1745909877152:list books
1745910237295:help
1745911068783:list bookstores
1745911470599:help
1745911477855:delete bookstore --id 2
1745911484480:list bookstores
